seed is 1:

/home/tatsugi/miniconda3/envs/zsceval/lib/python3.9/site-packages/gym/envs/registration.py:595: UserWarning: [33mWARN: Overriding environment Overcooked-v0[0m
  logger.warn(f"Overriding environment {id}")
2024-07-08 02:40:58.524 | INFO     | __main__:main:148 - bias index [18 19 22 23 25]
2024-07-08 02:40:58.524 | INFO     | __main__:main:149 - num w0_candidates 72
2024-07-08 02:40:58.525 | INFO     | __main__:main:156 - w0_candidates:
1: [0.0, 0.0, 0.0, 0.0, 0.0, 0.0, 0.0, 0.0, 0.0, 0.0, 0.0, 3.0, 5.0, 3.0, 0.0, 0.0, 0.0, 0.0, -20.0, -20.0, 0.0, 0.0, -5.0, 0.0, 0.0, 0.0, 0.0, 0.0, 0.0, 1.0]
2: [0.0, 0.0, 0.0, 0.0, 0.0, 0.0, 0.0, 0.0, 0.0, 0.0, 0.0, 3.0, 5.0, 3.0, 0.0, 0.0, 0.0, 0.0, -20.0, -20.0, 0.0, 0.0, 0.0, -15.0, 0.0, 0.0, 0.0, 0.0, 0.0, 1.0]
3: [0.0, 0.0, 0.0, 0.0, 0.0, 0.0, 0.0, 0.0, 0.0, 0.0, 0.0, 3.0, 5.0, 3.0, 0.0, 0.0, 0.0, 0.0, -20.0, -20.0, 0.0, 0.0, 0.0, 0.0, 0.0, -0.1, 0.0, 0.0, 0.0, 1.0]
4: [0.0, 0.0, 0.0, 0.0, 0.0, 0.0, 0.0, 0.0, 0.0, 0.0, 0.0, 3.0, 5.0, 3.0, 0.0, 0.0, 0.0, 0.0, -20.0, -20.0, 0.0, 0.0, 0.0, 0.0, 0.0, 0.0, 0.0, 0.0, 0.0, 1.0]
5: [0.0, 0.0, 0.0, 0.0, 0.0, 0.0, 0.0, 0.0, 0.0, 0.0, 0.0, 3.0, 5.0, 3.0, 0.0, 0.0, 0.0, 0.0, -20.0, -20.0, 0.0, 0.0, 0.0, 0.0, 0.0, 0.1, 0.0, 0.0, 0.0, 1.0]
6: [0.0, 0.0, 0.0, 0.0, 0.0, 0.0, 0.0, 0.0, 0.0, 0.0, 0.0, 3.0, 5.0, 3.0, 0.0, 0.0, 0.0, 0.0, -20.0, -20.0, 0.0, 0.0, 0.0, 10.0, 0.0, 0.0, 0.0, 0.0, 0.0, 1.0]
7: [0.0, 0.0, 0.0, 0.0, 0.0, 0.0, 0.0, 0.0, 0.0, 0.0, 0.0, 3.0, 5.0, 3.0, 0.0, 0.0, 0.0, 0.0, -20.0, -20.0, 0.0, 0.0, 20.0, 0.0, 0.0, 0.0, 0.0, 0.0, 0.0, 1.0]
8: [0.0, 0.0, 0.0, 0.0, 0.0, 0.0, 0.0, 0.0, 0.0, 0.0, 0.0, 3.0, 5.0, 3.0, 0.0, 0.0, 0.0, 0.0, -20.0, 0.0, 0.0, 0.0, -5.0, -15.0, 0.0, 0.0, 0.0, 0.0, 0.0, 1.0]
9: [0.0, 0.0, 0.0, 0.0, 0.0, 0.0, 0.0, 0.0, 0.0, 0.0, 0.0, 3.0, 5.0, 3.0, 0.0, 0.0, 0.0, 0.0, -20.0, 0.0, 0.0, 0.0, -5.0, 0.0, 0.0, -0.1, 0.0, 0.0, 0.0, 1.0]
10: [0.0, 0.0, 0.0, 0.0, 0.0, 0.0, 0.0, 0.0, 0.0, 0.0, 0.0, 3.0, 5.0, 3.0, 0.0, 0.0, 0.0, 0.0, -20.0, 0.0, 0.0, 0.0, -5.0, 0.0, 0.0, 0.0, 0.0, 0.0, 0.0, 1.0]
11: [0.0, 0.0, 0.0, 0.0, 0.0, 0.0, 0.0, 0.0, 0.0, 0.0, 0.0, 3.0, 5.0, 3.0, 0.0, 0.0, 0.0, 0.0, -20.0, 0.0, 0.0, 0.0, -5.0, 0.0, 0.0, 0.1, 0.0, 0.0, 0.0, 1.0]
12: [0.0, 0.0, 0.0, 0.0, 0.0, 0.0, 0.0, 0.0, 0.0, 0.0, 0.0, 3.0, 5.0, 3.0, 0.0, 0.0, 0.0, 0.0, -20.0, 0.0, 0.0, 0.0, -5.0, 10.0, 0.0, 0.0, 0.0, 0.0, 0.0, 1.0]
13: [0.0, 0.0, 0.0, 0.0, 0.0, 0.0, 0.0, 0.0, 0.0, 0.0, 0.0, 3.0, 5.0, 3.0, 0.0, 0.0, 0.0, 0.0, -20.0, 0.0, 0.0, 0.0, 0.0, -15.0, 0.0, -0.1, 0.0, 0.0, 0.0, 1.0]
14: [0.0, 0.0, 0.0, 0.0, 0.0, 0.0, 0.0, 0.0, 0.0, 0.0, 0.0, 3.0, 5.0, 3.0, 0.0, 0.0, 0.0, 0.0, -20.0, 0.0, 0.0, 0.0, 0.0, -15.0, 0.0, 0.0, 0.0, 0.0, 0.0, 1.0]
15: [0.0, 0.0, 0.0, 0.0, 0.0, 0.0, 0.0, 0.0, 0.0, 0.0, 0.0, 3.0, 5.0, 3.0, 0.0, 0.0, 0.0, 0.0, -20.0, 0.0, 0.0, 0.0, 0.0, -15.0, 0.0, 0.1, 0.0, 0.0, 0.0, 1.0]
16: [0.0, 0.0, 0.0, 0.0, 0.0, 0.0, 0.0, 0.0, 0.0, 0.0, 0.0, 3.0, 5.0, 3.0, 0.0, 0.0, 0.0, 0.0, -20.0, 0.0, 0.0, 0.0, 0.0, 0.0, 0.0, -0.1, 0.0, 0.0, 0.0, 1.0]
17: [0.0, 0.0, 0.0, 0.0, 0.0, 0.0, 0.0, 0.0, 0.0, 0.0, 0.0, 3.0, 5.0, 3.0, 0.0, 0.0, 0.0, 0.0, -20.0, 0.0, 0.0, 0.0, 0.0, 0.0, 0.0, 0.0, 0.0, 0.0, 0.0, 1.0]
18: [0.0, 0.0, 0.0, 0.0, 0.0, 0.0, 0.0, 0.0, 0.0, 0.0, 0.0, 3.0, 5.0, 3.0, 0.0, 0.0, 0.0, 0.0, -20.0, 0.0, 0.0, 0.0, 0.0, 0.0, 0.0, 0.1, 0.0, 0.0, 0.0, 1.0]
19: [0.0, 0.0, 0.0, 0.0, 0.0, 0.0, 0.0, 0.0, 0.0, 0.0, 0.0, 3.0, 5.0, 3.0, 0.0, 0.0, 0.0, 0.0, -20.0, 0.0, 0.0, 0.0, 0.0, 10.0, 0.0, -0.1, 0.0, 0.0, 0.0, 1.0]
20: [0.0, 0.0, 0.0, 0.0, 0.0, 0.0, 0.0, 0.0, 0.0, 0.0, 0.0, 3.0, 5.0, 3.0, 0.0, 0.0, 0.0, 0.0, -20.0, 0.0, 0.0, 0.0, 0.0, 10.0, 0.0, 0.0, 0.0, 0.0, 0.0, 1.0]
21: [0.0, 0.0, 0.0, 0.0, 0.0, 0.0, 0.0, 0.0, 0.0, 0.0, 0.0, 3.0, 5.0, 3.0, 0.0, 0.0, 0.0, 0.0, -20.0, 0.0, 0.0, 0.0, 0.0, 10.0, 0.0, 0.1, 0.0, 0.0, 0.0, 1.0]
22: [0.0, 0.0, 0.0, 0.0, 0.0, 0.0, 0.0, 0.0, 0.0, 0.0, 0.0, 3.0, 5.0, 3.0, 0.0, 0.0, 0.0, 0.0, -20.0, 0.0, 0.0, 0.0, 20.0, -15.0, 0.0, 0.0, 0.0, 0.0, 0.0, 1.0]
23: [0.0, 0.0, 0.0, 0.0, 0.0, 0.0, 0.0, 0.0, 0.0, 0.0, 0.0, 3.0, 5.0, 3.0, 0.0, 0.0, 0.0, 0.0, -20.0, 0.0, 0.0, 0.0, 20.0, 0.0, 0.0, -0.1, 0.0, 0.0, 0.0, 1.0]
24: [0.0, 0.0, 0.0, 0.0, 0.0, 0.0, 0.0, 0.0, 0.0, 0.0, 0.0, 3.0, 5.0, 3.0, 0.0, 0.0, 0.0, 0.0, -20.0, 0.0, 0.0, 0.0, 20.0, 0.0, 0.0, 0.0, 0.0, 0.0, 0.0, 1.0]
25: [0.0, 0.0, 0.0, 0.0, 0.0, 0.0, 0.0, 0.0, 0.0, 0.0, 0.0, 3.0, 5.0, 3.0, 0.0, 0.0, 0.0, 0.0, -20.0, 0.0, 0.0, 0.0, 20.0, 0.0, 0.0, 0.1, 0.0, 0.0, 0.0, 1.0]
26: [0.0, 0.0, 0.0, 0.0, 0.0, 0.0, 0.0, 0.0, 0.0, 0.0, 0.0, 3.0, 5.0, 3.0, 0.0, 0.0, 0.0, 0.0, -20.0, 0.0, 0.0, 0.0, 20.0, 10.0, 0.0, 0.0, 0.0, 0.0, 0.0, 1.0]
27: [0.0, 0.0, 0.0, 0.0, 0.0, 0.0, 0.0, 0.0, 0.0, 0.0, 0.0, 3.0, 5.0, 3.0, 0.0, 0.0, 0.0, 0.0, 0.0, -20.0, 0.0, 0.0, -5.0, -15.0, 0.0, 0.0, 0.0, 0.0, 0.0, 1.0]
28: [0.0, 0.0, 0.0, 0.0, 0.0, 0.0, 0.0, 0.0, 0.0, 0.0, 0.0, 3.0, 5.0, 3.0, 0.0, 0.0, 0.0, 0.0, 0.0, -20.0, 0.0, 0.0, -5.0, 0.0, 0.0, -0.1, 0.0, 0.0, 0.0, 1.0]
29: [0.0, 0.0, 0.0, 0.0, 0.0, 0.0, 0.0, 0.0, 0.0, 0.0, 0.0, 3.0, 5.0, 3.0, 0.0, 0.0, 0.0, 0.0, 0.0, -20.0, 0.0, 0.0, -5.0, 0.0, 0.0, 0.0, 0.0, 0.0, 0.0, 1.0]
30: [0.0, 0.0, 0.0, 0.0, 0.0, 0.0, 0.0, 0.0, 0.0, 0.0, 0.0, 3.0, 5.0, 3.0, 0.0, 0.0, 0.0, 0.0, 0.0, -20.0, 0.0, 0.0, -5.0, 0.0, 0.0, 0.1, 0.0, 0.0, 0.0, 1.0]
31: [0.0, 0.0, 0.0, 0.0, 0.0, 0.0, 0.0, 0.0, 0.0, 0.0, 0.0, 3.0, 5.0, 3.0, 0.0, 0.0, 0.0, 0.0, 0.0, -20.0, 0.0, 0.0, -5.0, 10.0, 0.0, 0.0, 0.0, 0.0, 0.0, 1.0]
32: [0.0, 0.0, 0.0, 0.0, 0.0, 0.0, 0.0, 0.0, 0.0, 0.0, 0.0, 3.0, 5.0, 3.0, 0.0, 0.0, 0.0, 0.0, 0.0, -20.0, 0.0, 0.0, 0.0, -15.0, 0.0, -0.1, 0.0, 0.0, 0.0, 1.0]
33: [0.0, 0.0, 0.0, 0.0, 0.0, 0.0, 0.0, 0.0, 0.0, 0.0, 0.0, 3.0, 5.0, 3.0, 0.0, 0.0, 0.0, 0.0, 0.0, -20.0, 0.0, 0.0, 0.0, -15.0, 0.0, 0.0, 0.0, 0.0, 0.0, 1.0]
34: [0.0, 0.0, 0.0, 0.0, 0.0, 0.0, 0.0, 0.0, 0.0, 0.0, 0.0, 3.0, 5.0, 3.0, 0.0, 0.0, 0.0, 0.0, 0.0, -20.0, 0.0, 0.0, 0.0, -15.0, 0.0, 0.1, 0.0, 0.0, 0.0, 1.0]
35: [0.0, 0.0, 0.0, 0.0, 0.0, 0.0, 0.0, 0.0, 0.0, 0.0, 0.0, 3.0, 5.0, 3.0, 0.0, 0.0, 0.0, 0.0, 0.0, -20.0, 0.0, 0.0, 0.0, 0.0, 0.0, -0.1, 0.0, 0.0, 0.0, 1.0]
36: [0.0, 0.0, 0.0, 0.0, 0.0, 0.0, 0.0, 0.0, 0.0, 0.0, 0.0, 3.0, 5.0, 3.0, 0.0, 0.0, 0.0, 0.0, 0.0, -20.0, 0.0, 0.0, 0.0, 0.0, 0.0, 0.0, 0.0, 0.0, 0.0, 1.0]
37: [0.0, 0.0, 0.0, 0.0, 0.0, 0.0, 0.0, 0.0, 0.0, 0.0, 0.0, 3.0, 5.0, 3.0, 0.0, 0.0, 0.0, 0.0, 0.0, -20.0, 0.0, 0.0, 0.0, 0.0, 0.0, 0.1, 0.0, 0.0, 0.0, 1.0]
38: [0.0, 0.0, 0.0, 0.0, 0.0, 0.0, 0.0, 0.0, 0.0, 0.0, 0.0, 3.0, 5.0, 3.0, 0.0, 0.0, 0.0, 0.0, 0.0, -20.0, 0.0, 0.0, 0.0, 10.0, 0.0, -0.1, 0.0, 0.0, 0.0, 1.0]
39: [0.0, 0.0, 0.0, 0.0, 0.0, 0.0, 0.0, 0.0, 0.0, 0.0, 0.0, 3.0, 5.0, 3.0, 0.0, 0.0, 0.0, 0.0, 0.0, -20.0, 0.0, 0.0, 0.0, 10.0, 0.0, 0.0, 0.0, 0.0, 0.0, 1.0]
40: [0.0, 0.0, 0.0, 0.0, 0.0, 0.0, 0.0, 0.0, 0.0, 0.0, 0.0, 3.0, 5.0, 3.0, 0.0, 0.0, 0.0, 0.0, 0.0, -20.0, 0.0, 0.0, 0.0, 10.0, 0.0, 0.1, 0.0, 0.0, 0.0, 1.0]
41: [0.0, 0.0, 0.0, 0.0, 0.0, 0.0, 0.0, 0.0, 0.0, 0.0, 0.0, 3.0, 5.0, 3.0, 0.0, 0.0, 0.0, 0.0, 0.0, -20.0, 0.0, 0.0, 20.0, -15.0, 0.0, 0.0, 0.0, 0.0, 0.0, 1.0]
42: [0.0, 0.0, 0.0, 0.0, 0.0, 0.0, 0.0, 0.0, 0.0, 0.0, 0.0, 3.0, 5.0, 3.0, 0.0, 0.0, 0.0, 0.0, 0.0, -20.0, 0.0, 0.0, 20.0, 0.0, 0.0, -0.1, 0.0, 0.0, 0.0, 1.0]
43: [0.0, 0.0, 0.0, 0.0, 0.0, 0.0, 0.0, 0.0, 0.0, 0.0, 0.0, 3.0, 5.0, 3.0, 0.0, 0.0, 0.0, 0.0, 0.0, -20.0, 0.0, 0.0, 20.0, 0.0, 0.0, 0.0, 0.0, 0.0, 0.0, 1.0]
44: [0.0, 0.0, 0.0, 0.0, 0.0, 0.0, 0.0, 0.0, 0.0, 0.0, 0.0, 3.0, 5.0, 3.0, 0.0, 0.0, 0.0, 0.0, 0.0, -20.0, 0.0, 0.0, 20.0, 0.0, 0.0, 0.1, 0.0, 0.0, 0.0, 1.0]
45: [0.0, 0.0, 0.0, 0.0, 0.0, 0.0, 0.0, 0.0, 0.0, 0.0, 0.0, 3.0, 5.0, 3.0, 0.0, 0.0, 0.0, 0.0, 0.0, -20.0, 0.0, 0.0, 20.0, 10.0, 0.0, 0.0, 0.0, 0.0, 0.0, 1.0]
46: [0.0, 0.0, 0.0, 0.0, 0.0, 0.0, 0.0, 0.0, 0.0, 0.0, 0.0, 3.0, 5.0, 3.0, 0.0, 0.0, 0.0, 0.0, 0.0, 0.0, 0.0, 0.0, -5.0, -15.0, 0.0, -0.1, 0.0, 0.0, 0.0, 1.0]
47: [0.0, 0.0, 0.0, 0.0, 0.0, 0.0, 0.0, 0.0, 0.0, 0.0, 0.0, 3.0, 5.0, 3.0, 0.0, 0.0, 0.0, 0.0, 0.0, 0.0, 0.0, 0.0, -5.0, -15.0, 0.0, 0.0, 0.0, 0.0, 0.0, 1.0]
48: [0.0, 0.0, 0.0, 0.0, 0.0, 0.0, 0.0, 0.0, 0.0, 0.0, 0.0, 3.0, 5.0, 3.0, 0.0, 0.0, 0.0, 0.0, 0.0, 0.0, 0.0, 0.0, -5.0, -15.0, 0.0, 0.1, 0.0, 0.0, 0.0, 1.0]
49: [0.0, 0.0, 0.0, 0.0, 0.0, 0.0, 0.0, 0.0, 0.0, 0.0, 0.0, 3.0, 5.0, 3.0, 0.0, 0.0, 0.0, 0.0, 0.0, 0.0, 0.0, 0.0, -5.0, 0.0, 0.0, -0.1, 0.0, 0.0, 0.0, 1.0]
50: [0.0, 0.0, 0.0, 0.0, 0.0, 0.0, 0.0, 0.0, 0.0, 0.0, 0.0, 3.0, 5.0, 3.0, 0.0, 0.0, 0.0, 0.0, 0.0, 0.0, 0.0, 0.0, -5.0, 0.0, 0.0, 0.0, 0.0, 0.0, 0.0, 1.0]
51: [0.0, 0.0, 0.0, 0.0, 0.0, 0.0, 0.0, 0.0, 0.0, 0.0, 0.0, 3.0, 5.0, 3.0, 0.0, 0.0, 0.0, 0.0, 0.0, 0.0, 0.0, 0.0, -5.0, 0.0, 0.0, 0.1, 0.0, 0.0, 0.0, 1.0]
52: [0.0, 0.0, 0.0, 0.0, 0.0, 0.0, 0.0, 0.0, 0.0, 0.0, 0.0, 3.0, 5.0, 3.0, 0.0, 0.0, 0.0, 0.0, 0.0, 0.0, 0.0, 0.0, -5.0, 10.0, 0.0, -0.1, 0.0, 0.0, 0.0, 1.0]
53: [0.0, 0.0, 0.0, 0.0, 0.0, 0.0, 0.0, 0.0, 0.0, 0.0, 0.0, 3.0, 5.0, 3.0, 0.0, 0.0, 0.0, 0.0, 0.0, 0.0, 0.0, 0.0, -5.0, 10.0, 0.0, 0.0, 0.0, 0.0, 0.0, 1.0]
54: [0.0, 0.0, 0.0, 0.0, 0.0, 0.0, 0.0, 0.0, 0.0, 0.0, 0.0, 3.0, 5.0, 3.0, 0.0, 0.0, 0.0, 0.0, 0.0, 0.0, 0.0, 0.0, -5.0, 10.0, 0.0, 0.1, 0.0, 0.0, 0.0, 1.0]
55: [0.0, 0.0, 0.0, 0.0, 0.0, 0.0, 0.0, 0.0, 0.0, 0.0, 0.0, 3.0, 5.0, 3.0, 0.0, 0.0, 0.0, 0.0, 0.0, 0.0, 0.0, 0.0, 0.0, -15.0, 0.0, -0.1, 0.0, 0.0, 0.0, 1.0]
56: [0.0, 0.0, 0.0, 0.0, 0.0, 0.0, 0.0, 0.0, 0.0, 0.0, 0.0, 3.0, 5.0, 3.0, 0.0, 0.0, 0.0, 0.0, 0.0, 0.0, 0.0, 0.0, 0.0, -15.0, 0.0, 0.0, 0.0, 0.0, 0.0, 1.0]
57: [0.0, 0.0, 0.0, 0.0, 0.0, 0.0, 0.0, 0.0, 0.0, 0.0, 0.0, 3.0, 5.0, 3.0, 0.0, 0.0, 0.0, 0.0, 0.0, 0.0, 0.0, 0.0, 0.0, -15.0, 0.0, 0.1, 0.0, 0.0, 0.0, 1.0]
58: [0.0, 0.0, 0.0, 0.0, 0.0, 0.0, 0.0, 0.0, 0.0, 0.0, 0.0, 3.0, 5.0, 3.0, 0.0, 0.0, 0.0, 0.0, 0.0, 0.0, 0.0, 0.0, 0.0, 0.0, 0.0, -0.1, 0.0, 0.0, 0.0, 1.0]
59: [0.0, 0.0, 0.0, 0.0, 0.0, 0.0, 0.0, 0.0, 0.0, 0.0, 0.0, 3.0, 5.0, 3.0, 0.0, 0.0, 0.0, 0.0, 0.0, 0.0, 0.0, 0.0, 0.0, 0.0, 0.0, 0.0, 0.0, 0.0, 0.0, 1.0]
60: [0.0, 0.0, 0.0, 0.0, 0.0, 0.0, 0.0, 0.0, 0.0, 0.0, 0.0, 3.0, 5.0, 3.0, 0.0, 0.0, 0.0, 0.0, 0.0, 0.0, 0.0, 0.0, 0.0, 0.0, 0.0, 0.1, 0.0, 0.0, 0.0, 1.0]
61: [0.0, 0.0, 0.0, 0.0, 0.0, 0.0, 0.0, 0.0, 0.0, 0.0, 0.0, 3.0, 5.0, 3.0, 0.0, 0.0, 0.0, 0.0, 0.0, 0.0, 0.0, 0.0, 0.0, 10.0, 0.0, -0.1, 0.0, 0.0, 0.0, 1.0]
62: [0.0, 0.0, 0.0, 0.0, 0.0, 0.0, 0.0, 0.0, 0.0, 0.0, 0.0, 3.0, 5.0, 3.0, 0.0, 0.0, 0.0, 0.0, 0.0, 0.0, 0.0, 0.0, 0.0, 10.0, 0.0, 0.0, 0.0, 0.0, 0.0, 1.0]
63: [0.0, 0.0, 0.0, 0.0, 0.0, 0.0, 0.0, 0.0, 0.0, 0.0, 0.0, 3.0, 5.0, 3.0, 0.0, 0.0, 0.0, 0.0, 0.0, 0.0, 0.0, 0.0, 0.0, 10.0, 0.0, 0.1, 0.0, 0.0, 0.0, 1.0]
64: [0.0, 0.0, 0.0, 0.0, 0.0, 0.0, 0.0, 0.0, 0.0, 0.0, 0.0, 3.0, 5.0, 3.0, 0.0, 0.0, 0.0, 0.0, 0.0, 0.0, 0.0, 0.0, 20.0, -15.0, 0.0, -0.1, 0.0, 0.0, 0.0, 1.0]
65: [0.0, 0.0, 0.0, 0.0, 0.0, 0.0, 0.0, 0.0, 0.0, 0.0, 0.0, 3.0, 5.0, 3.0, 0.0, 0.0, 0.0, 0.0, 0.0, 0.0, 0.0, 0.0, 20.0, -15.0, 0.0, 0.0, 0.0, 0.0, 0.0, 1.0]
66: [0.0, 0.0, 0.0, 0.0, 0.0, 0.0, 0.0, 0.0, 0.0, 0.0, 0.0, 3.0, 5.0, 3.0, 0.0, 0.0, 0.0, 0.0, 0.0, 0.0, 0.0, 0.0, 20.0, -15.0, 0.0, 0.1, 0.0, 0.0, 0.0, 1.0]
67: [0.0, 0.0, 0.0, 0.0, 0.0, 0.0, 0.0, 0.0, 0.0, 0.0, 0.0, 3.0, 5.0, 3.0, 0.0, 0.0, 0.0, 0.0, 0.0, 0.0, 0.0, 0.0, 20.0, 0.0, 0.0, -0.1, 0.0, 0.0, 0.0, 1.0]
68: [0.0, 0.0, 0.0, 0.0, 0.0, 0.0, 0.0, 0.0, 0.0, 0.0, 0.0, 3.0, 5.0, 3.0, 0.0, 0.0, 0.0, 0.0, 0.0, 0.0, 0.0, 0.0, 20.0, 0.0, 0.0, 0.0, 0.0, 0.0, 0.0, 1.0]
69: [0.0, 0.0, 0.0, 0.0, 0.0, 0.0, 0.0, 0.0, 0.0, 0.0, 0.0, 3.0, 5.0, 3.0, 0.0, 0.0, 0.0, 0.0, 0.0, 0.0, 0.0, 0.0, 20.0, 0.0, 0.0, 0.1, 0.0, 0.0, 0.0, 1.0]
70: [0.0, 0.0, 0.0, 0.0, 0.0, 0.0, 0.0, 0.0, 0.0, 0.0, 0.0, 3.0, 5.0, 3.0, 0.0, 0.0, 0.0, 0.0, 0.0, 0.0, 0.0, 0.0, 20.0, 10.0, 0.0, -0.1, 0.0, 0.0, 0.0, 1.0]
71: [0.0, 0.0, 0.0, 0.0, 0.0, 0.0, 0.0, 0.0, 0.0, 0.0, 0.0, 3.0, 5.0, 3.0, 0.0, 0.0, 0.0, 0.0, 0.0, 0.0, 0.0, 0.0, 20.0, 10.0, 0.0, 0.0, 0.0, 0.0, 0.0, 1.0]
72: [0.0, 0.0, 0.0, 0.0, 0.0, 0.0, 0.0, 0.0, 0.0, 0.0, 0.0, 3.0, 5.0, 3.0, 0.0, 0.0, 0.0, 0.0, 0.0, 0.0, 0.0, 0.0, 20.0, 10.0, 0.0, 0.1, 0.0, 0.0, 0.0, 1.0]

2024-07-08 02:40:58.525 | DEBUG    | __main__:main:167 - w1_candidates:
 [[0.0, 0.0, 0.0, 0.0, 0.0, 0.0, 0.0, 0.0, 0.0, 0.0, 0.0, 0.0, 0.0, 0.0, 0.0, 0.0, 0.0, 0.0, 0.0, 0.0, 0.0, 0.0, 0.0, 0.0, 0.0, 0.0, 0.0, 0.0, 0.0, 1.0]]
wandb: Currently logged in as: hogebein. Use `wandb login --relogin` to force relogin
choose to use gpu...
Traceback (most recent call last):
  File "/home/tatsugi/ZSC-Eval/zsceval/scripts/overcooked/train/train_bias_agent.py", line 291, in <module>
    main(sys.argv[1:])
  File "/home/tatsugi/ZSC-Eval/zsceval/scripts/overcooked/train/train_bias_agent.py", line 202, in main
    run = wandb.init(
  File "/home/tatsugi/miniconda3/envs/zsceval/lib/python3.9/site-packages/wandb/sdk/wandb_init.py", line 1181, in init
    return wi.init()
  File "/home/tatsugi/miniconda3/envs/zsceval/lib/python3.9/site-packages/wandb/sdk/wandb_init.py", line 817, in init
    run_start_result = run_start_handle.wait(timeout=30)
  File "/home/tatsugi/miniconda3/envs/zsceval/lib/python3.9/site-packages/wandb/sdk/lib/mailbox.py", line 283, in wait
    found, abandoned = self._slot._get_and_clear(timeout=wait_timeout)
  File "/home/tatsugi/miniconda3/envs/zsceval/lib/python3.9/site-packages/wandb/sdk/lib/mailbox.py", line 130, in _get_and_clear
    if self._wait(timeout=timeout):
  File "/home/tatsugi/miniconda3/envs/zsceval/lib/python3.9/site-packages/wandb/sdk/lib/mailbox.py", line 126, in _wait
    return self._event.wait(timeout=timeout)
  File "/home/tatsugi/miniconda3/envs/zsceval/lib/python3.9/threading.py", line 581, in wait
    signaled = self._cond.wait(timeout)
  File "/home/tatsugi/miniconda3/envs/zsceval/lib/python3.9/threading.py", line 316, in wait
    gotit = waiter.acquire(True, timeout)
KeyboardInterrupt
Traceback (most recent call last):
  File "/home/tatsugi/ZSC-Eval/zsceval/scripts/overcooked/train/train_bias_agent.py", line 291, in <module>
    main(sys.argv[1:])
  File "/home/tatsugi/ZSC-Eval/zsceval/scripts/overcooked/train/train_bias_agent.py", line 202, in main
    run = wandb.init(
  File "/home/tatsugi/miniconda3/envs/zsceval/lib/python3.9/site-packages/wandb/sdk/wandb_init.py", line 1181, in init
    return wi.init()
  File "/home/tatsugi/miniconda3/envs/zsceval/lib/python3.9/site-packages/wandb/sdk/wandb_init.py", line 817, in init
    run_start_result = run_start_handle.wait(timeout=30)
  File "/home/tatsugi/miniconda3/envs/zsceval/lib/python3.9/site-packages/wandb/sdk/lib/mailbox.py", line 283, in wait
    found, abandoned = self._slot._get_and_clear(timeout=wait_timeout)
  File "/home/tatsugi/miniconda3/envs/zsceval/lib/python3.9/site-packages/wandb/sdk/lib/mailbox.py", line 130, in _get_and_clear
    if self._wait(timeout=timeout):
  File "/home/tatsugi/miniconda3/envs/zsceval/lib/python3.9/site-packages/wandb/sdk/lib/mailbox.py", line 126, in _wait
    return self._event.wait(timeout=timeout)
  File "/home/tatsugi/miniconda3/envs/zsceval/lib/python3.9/threading.py", line 581, in wait
    signaled = self._cond.wait(timeout)
  File "/home/tatsugi/miniconda3/envs/zsceval/lib/python3.9/threading.py", line 316, in wait
    gotit = waiter.acquire(True, timeout)
KeyboardInterrupt
Error in atexit._run_exitfuncs:
Traceback (most recent call last):
  File "/home/tatsugi/miniconda3/envs/zsceval/lib/python3.9/subprocess.py", line 1189, in wait
    return self._wait(timeout=timeout)
  File "/home/tatsugi/miniconda3/envs/zsceval/lib/python3.9/subprocess.py", line 1933, in _wait
    (pid, sts) = self._try_wait(0)
  File "/home/tatsugi/miniconda3/envs/zsceval/lib/python3.9/subprocess.py", line 1891, in _try_wait
    (pid, sts) = os.waitpid(self.pid, wait_flags)
KeyboardInterrupt

During handling of the above exception, another exception occurred:

Traceback (most recent call last):
  File "/home/tatsugi/miniconda3/envs/zsceval/lib/python3.9/site-packages/wandb/sdk/wandb_manager.py", line 189, in _atexit_teardown
    self._teardown(self._hooks.exit_code if self._hooks else 0)
  File "/home/tatsugi/miniconda3/envs/zsceval/lib/python3.9/site-packages/wandb/sdk/wandb_manager.py", line 170, in _teardown
    return self._service.join()
  File "/home/tatsugi/miniconda3/envs/zsceval/lib/python3.9/site-packages/wandb/sdk/service/service.py", line 266, in join
    ret = self._internal_proc.wait()
  File "/home/tatsugi/miniconda3/envs/zsceval/lib/python3.9/subprocess.py", line 1202, in wait
    self._wait(timeout=sigint_timeout)
  File "/home/tatsugi/miniconda3/envs/zsceval/lib/python3.9/subprocess.py", line 1927, in _wait
    time.sleep(delay)
KeyboardInterrupt
wandb: - 0.000 MB of 0.000 MB uploadedwandb: \ 0.010 MB of 0.015 MB uploadedwandb: 🚀 View run mappo_hsp-S1_seed1 at: https://wandb.ai/hogebein/Overcooked-new/runs/fxilb5vo
wandb: ⭐️ View project at: https://wandb.ai/hogebein/Overcooked-new
wandb: Synced 4 W&B file(s), 0 media file(s), 0 artifact file(s) and 0 other file(s)
wandb: Find logs at: /home/tatsugi/ZSC/results/Overcooked/subobjective/mappo/hsp-S1/wandb/run-20240708_024059-fxilb5vo/logs
wandb: WARNING The new W&B backend becomes opt-out in version 0.18.0; try it out with `wandb.require("core")`! See https://wandb.me/wandb-core for more information.
